<?xml version="1.0" encoding="UTF-8"?>
<testsuites name="TestSuiteCreateSalesQuotation" time="72.795" tests="1" failures="1" errors="0">
   <testsuite name="TestSuiteCreateSalesQuotation" tests="1" failures="1" errors="0" time="72.795" timestamp="2020-11-02 16:43:31" hostname="faisal - KAKATORI" id="Test Suites/Sales/Sales Quotation/TestSuiteCreateSalesQuotation">
      <properties>
         <property name="deviceName" value=""/>
         <property name="devicePlatform" value=""/>
         <property name="logFolder" value="D:\\autotesting_zoweb\\Reports\\20201102_164323\\Sales\\Sales Quotation\\TestSuiteCreateSalesQuotation\\20201102_164323"/>
         <property name="logFiles" value="D:\\autotesting_zoweb\\Reports\\20201102_164323\\Sales\\Sales Quotation\\TestSuiteCreateSalesQuotation\\20201102_164323\\execution0.log"/>
         <property name="attachments" value="D:\\autotesting_zoweb\\Reports\\20201102_164323\\Sales\\Sales Quotation\\TestSuiteCreateSalesQuotation\\20201102_164323\\1604310283317.png"/>
         <property name="hostName" value="faisal - KAKATORI"/>
         <property name="os" value="Windows 10 64bit"/>
         <property name="katalonVersion" value="null.null"/>
         <property name="browser" value="Chrome 86.0.4240.111"/>
         <property name="hostAddress" value="192.168.43.91"/>
         <property name="sessionId" value="7fedd75a4aab95cacf60059db4db93ec"/>
         <property name="seleniumVersion" value="3.141.59"/>
         <property name="proxyInformation" value="ProxyInformation { proxyOption=NO_PROXY, proxyServerType=HTTP, username=, password=********, proxyServerAddress=, proxyServerPort=0, executionList=&quot;&quot;, isApplyToDesiredCapabilities=true }"/>
         <property name="platform" value="Windows 10"/>
      </properties>
      <testcase name="Test Cases/Sales/Sales Quotation" time="71.673" classname="Test Cases/Sales/Sales Quotation" status="FAILED">
         <failure type="FAILED" message="Test Cases/Sales/Sales Quotation FAILED.
Reason:
com.kms.katalon.core.exception.StepFailedException: Unable to click on object 'Object Repository/Sales/Sales Order/Page_Zahir Online  Add Sales Order/div_General Customer'
	at com.kms.katalon.core.webui.keyword.internal.WebUIKeywordMain.stepFailed(WebUIKeywordMain.groovy:64)
	at com.kms.katalon.core.webui.keyword.internal.WebUIKeywordMain.runKeyword(WebUIKeywordMain.groovy:26)
	at com.kms.katalon.core.webui.keyword.builtin.ClickKeyword.click(ClickKeyword.groovy:76)
	at com.kms.katalon.core.webui.keyword.builtin.ClickKeyword.execute(ClickKeyword.groovy:43)
	at com.kms.katalon.core.keyword.internal.KeywordExecutor.executeKeywordForPlatform(KeywordExecutor.groovy:73)
	at com.kms.katalon.core.webui.keyword.WebUiBuiltInKeywords.click(WebUiBuiltInKeywords.groovy:616)
	at com.kms.katalon.core.webui.keyword.WebUiBuiltInKeywords$click$3.call(Unknown Source)
	at Sales Quotation.run(Sales Quotation:43)
	at com.kms.katalon.core.main.ScriptEngine.run(ScriptEngine.java:194)
	at com.kms.katalon.core.main.ScriptEngine.runScriptAsRawText(ScriptEngine.java:119)
	at com.kms.katalon.core.main.TestCaseExecutor.runScript(TestCaseExecutor.java:339)
	at com.kms.katalon.core.main.TestCaseExecutor.doExecute(TestCaseExecutor.java:330)
	at com.kms.katalon.core.main.TestCaseExecutor.processExecutionPhase(TestCaseExecutor.java:309)
	at com.kms.katalon.core.main.TestCaseExecutor.accessMainPhase(TestCaseExecutor.java:301)
	at com.kms.katalon.core.main.TestCaseExecutor.execute(TestCaseExecutor.java:235)
	at com.kms.katalon.core.main.TestSuiteExecutor.accessTestCaseMainPhase(TestSuiteExecutor.java:191)
	at com.kms.katalon.core.main.TestSuiteExecutor.accessTestSuiteMainPhase(TestSuiteExecutor.java:141)
	at com.kms.katalon.core.main.TestSuiteExecutor.execute(TestSuiteExecutor.java:90)
	at com.kms.katalon.core.main.TestCaseMain.startTestSuite(TestCaseMain.java:157)
	at com.kms.katalon.core.main.TestCaseMain$startTestSuite$0.call(Unknown Source)
	at TempTestSuite1604310203434.run(TempTestSuite1604310203434.groovy:39)
Caused by: com.kms.katalon.core.webui.exception.WebElementNotFoundException: Web element with id: 'Object Repository/Sales/Sales Order/Page_Zahir Online  Add Sales Order/div_General Customer' located by '#react-select-2-option-2 > li.MuiListItem-root.jss7883 > div > div > div.MuiTypography-root.undefined.MuiTypography-body2.MuiTypography-colorTextPrimary' not found
	at com.kms.katalon.core.webui.common.WebUiCommonHelper.findWebElement(WebUiCommonHelper.java:1368)
	at com.kms.katalon.core.webui.keyword.internal.WebUIAbstractKeyword.findWebElement(WebUIAbstractKeyword.groovy:27)
	at com.kms.katalon.core.webui.keyword.internal.WebUIAbstractKeyword.findWebElement(WebUIAbstractKeyword.groovy:26)
	at com.kms.katalon.core.webui.keyword.builtin.ClickKeyword$_click_closure1.doCall(ClickKeyword.groovy:67)
	at com.kms.katalon.core.webui.keyword.builtin.ClickKeyword$_click_closure1.call(ClickKeyword.groovy)
	at com.kms.katalon.core.webui.keyword.internal.WebUIKeywordMain.runKeyword(WebUIKeywordMain.groovy:20)
	... 19 more
"/>
         <system-out><![CDATA[2020-11-02 16:43:31 - [TEST_CASE][FAILED] - Test Cases/Sales/Sales Quotation: Test Cases/Sales/Sales Quotation FAILED.
Reason:
com.kms.katalon.core.exception.StepFailedException: Unable to click on object 'Object Repository/Sales/Sales Order/Page_Zahir Online  Add Sales Order/div_General Customer'
	at com.kms.katalon.core.webui.keyword.internal.WebUIKeywordMain.stepFailed(WebUIKeywordMain.groovy:64)
	at com.kms.katalon.core.webui.keyword.internal.WebUIKeywordMain.runKeyword(WebUIKeywordMain.groovy:26)
	at com.kms.katalon.core.webui.keyword.builtin.ClickKeyword.click(ClickKeyword.groovy:76)
	at com.kms.katalon.core.webui.keyword.builtin.ClickKeyword.execute(ClickKeyword.groovy:43)
	at com.kms.katalon.core.keyword.internal.KeywordExecutor.executeKeywordForPlatform(KeywordExecutor.groovy:73)
	at com.kms.katalon.core.webui.keyword.WebUiBuiltInKeywords.click(WebUiBuiltInKeywords.groovy:616)
	at com.kms.katalon.core.webui.keyword.WebUiBuiltInKeywords$click$3.call(Unknown Source)
	at Sales Quotation.run(Sales Quotation:43)
	at com.kms.katalon.core.main.ScriptEngine.run(ScriptEngine.java:194)
	at com.kms.katalon.core.main.ScriptEngine.runScriptAsRawText(ScriptEngine.java:119)
	at com.kms.katalon.core.main.TestCaseExecutor.runScript(TestCaseExecutor.java:339)
	at com.kms.katalon.core.main.TestCaseExecutor.doExecute(TestCaseExecutor.java:330)
	at com.kms.katalon.core.main.TestCaseExecutor.processExecutionPhase(TestCaseExecutor.java:309)
	at com.kms.katalon.core.main.TestCaseExecutor.accessMainPhase(TestCaseExecutor.java:301)
	at com.kms.katalon.core.main.TestCaseExecutor.execute(TestCaseExecutor.java:235)
	at com.kms.katalon.core.main.TestSuiteExecutor.accessTestCaseMainPhase(TestSuiteExecutor.java:191)
	at com.kms.katalon.core.main.TestSuiteExecutor.accessTestSuiteMainPhase(TestSuiteExecutor.java:141)
	at com.kms.katalon.core.main.TestSuiteExecutor.execute(TestSuiteExecutor.java:90)
	at com.kms.katalon.core.main.TestCaseMain.startTestSuite(TestCaseMain.java:157)
	at com.kms.katalon.core.main.TestCaseMain$startTestSuite$0.call(Unknown Source)
	at TempTestSuite1604310203434.run(TempTestSuite1604310203434.groovy:39)
Caused by: com.kms.katalon.core.webui.exception.WebElementNotFoundException: Web element with id: 'Object Repository/Sales/Sales Order/Page_Zahir Online  Add Sales Order/div_General Customer' located by '#react-select-2-option-2 > li.MuiListItem-root.jss7883 > div > div > div.MuiTypography-root.undefined.MuiTypography-body2.MuiTypography-colorTextPrimary' not found
	at com.kms.katalon.core.webui.common.WebUiCommonHelper.findWebElement(WebUiCommonHelper.java:1368)
	at com.kms.katalon.core.webui.keyword.internal.WebUIAbstractKeyword.findWebElement(WebUIAbstractKeyword.groovy:27)
	at com.kms.katalon.core.webui.keyword.internal.WebUIAbstractKeyword.findWebElement(WebUIAbstractKeyword.groovy:26)
	at com.kms.katalon.core.webui.keyword.builtin.ClickKeyword$_click_closure1.doCall(ClickKeyword.groovy:67)
	at com.kms.katalon.core.webui.keyword.builtin.ClickKeyword$_click_closure1.call(ClickKeyword.groovy)
	at com.kms.katalon.core.webui.keyword.internal.WebUIKeywordMain.runKeyword(WebUIKeywordMain.groovy:20)
	... 19 more


2020-11-02 16:43:32 - [TEST_STEP][PASSED] - openBrowser(""): Browser is opened with url: ''

2020-11-02 16:43:32 - [MESSAGE][INFO] - Starting 'Chrome' driver

2020-11-02 16:43:32 - [MESSAGE][INFO] - Action delay is set to 0 milliseconds

2020-11-02 16:43:36 - [MESSAGE][PASSED] - Browser is opened with url: ''

2020-11-02 16:43:36 - [TEST_STEP][PASSED] - navigateToUrl("https://sandbox.zahir.dev/auth"): Navigate to 'https://sandbox.zahir.dev/auth' successfully

2020-11-02 16:43:49 - [MESSAGE][PASSED] - Navigate to 'https://sandbox.zahir.dev/auth' successfully

2020-11-02 16:43:49 - [TEST_STEP][PASSED] - setText(findTestObject("Object Repository/Sales/Sales Quotation/Page_Zahir Online/input_Sign In_username"), "kaka.tori09@gmail.com"): Text 'kaka.tori09@gmail.com' is set on object 'Object Repository/Sales/Sales Quotation/Page_Zahir Online/input_Sign In_username'

2020-11-02 16:43:51 - [MESSAGE][PASSED] - Text 'kaka.tori09@gmail.com' is set on object 'Object Repository/Sales/Sales Quotation/Page_Zahir Online/input_Sign In_username'

2020-11-02 16:43:51 - [TEST_STEP][PASSED] - setEncryptedText(findTestObject("Object Repository/Sales/Sales Quotation/Page_Zahir Online/input_Sign In_password"), "m9cofpLgdvKzmiJ3UoCGAA=="): Text ****** has been set on object 'Object Repository/Sales/Sales Quotation/Page_Zahir Online/input_Sign In_password'

2020-11-02 16:43:52 - [MESSAGE][PASSED] - Text ****** has been set on object 'Object Repository/Sales/Sales Quotation/Page_Zahir Online/input_Sign In_password'

2020-11-02 16:43:52 - [TEST_STEP][PASSED] - click(findTestObject("Object Repository/Sales/Sales Quotation/Page_Zahir Online/span_Sign In")): Object: 'Object Repository/Sales/Sales Quotation/Page_Zahir Online/span_Sign In' is clicked on

2020-11-02 16:43:53 - [MESSAGE][PASSED] - Object: 'Object Repository/Sales/Sales Quotation/Page_Zahir Online/span_Sign In' is clicked on

2020-11-02 16:43:53 - [TEST_STEP][PASSED] - setText(findTestObject("Object Repository/Sales/Sales Quotation/Page_Zahir Online  List Company/input_Choose Company_q"), "JULI_TEST"): Text 'JULI_TEST' is set on object 'Object Repository/Sales/Sales Quotation/Page_Zahir Online  List Company/input_Choose Company_q'

2020-11-02 16:43:58 - [MESSAGE][PASSED] - Text 'JULI_TEST' is set on object 'Object Repository/Sales/Sales Quotation/Page_Zahir Online  List Company/input_Choose Company_q'

2020-11-02 16:43:58 - [TEST_STEP][PASSED] - doubleClick(findTestObject("Object Repository/Sales/Sales Quotation/Page_Zahir Online  List Company/div_JULI_TEST")): Object: 'Object Repository/Sales/Sales Quotation/Page_Zahir Online  List Company/div_JULI_TEST' is double clicked on

2020-11-02 16:43:59 - [MESSAGE][PASSED] - Object: 'Object Repository/Sales/Sales Quotation/Page_Zahir Online  List Company/div_JULI_TEST' is double clicked on

2020-11-02 16:43:59 - [TEST_STEP][PASSED] - click(findTestObject("Object Repository/Sales/Sales Quotation/Page_Zahir Online  Dashboard/button_Sales")): Object: 'Object Repository/Sales/Sales Quotation/Page_Zahir Online  Dashboard/button_Sales' is clicked on

2020-11-02 16:44:05 - [MESSAGE][PASSED] - Object: 'Object Repository/Sales/Sales Quotation/Page_Zahir Online  Dashboard/button_Sales' is clicked on

2020-11-02 16:44:05 - [TEST_STEP][PASSED] - click(findTestObject("Object Repository/Sales/Sales Quotation/Page_Zahir Online  Sales/a_Sales Quotation")): Object: 'Object Repository/Sales/Sales Quotation/Page_Zahir Online  Sales/a_Sales Quotation' is clicked on

2020-11-02 16:44:08 - [MESSAGE][PASSED] - Object: 'Object Repository/Sales/Sales Quotation/Page_Zahir Online  Sales/a_Sales Quotation' is clicked on

2020-11-02 16:44:08 - [TEST_STEP][PASSED] - click(findTestObject("Object Repository/Sales/Sales Quotation/Page_Zahir Online  Sales Quotation/span_Create New")): Object: 'Object Repository/Sales/Sales Quotation/Page_Zahir Online  Sales Quotation/span_Create New' is clicked on

2020-11-02 16:44:10 - [MESSAGE][PASSED] - Object: 'Object Repository/Sales/Sales Quotation/Page_Zahir Online  Sales Quotation/span_Create New' is clicked on

2020-11-02 16:44:10 - [TEST_STEP][PASSED] - click(findTestObject("Object Repository/Sales/Sales Quotation/Page_Zahir Online  Add Sales Quotation/div_Select Customer")): Object: 'Object Repository/Sales/Sales Quotation/Page_Zahir Online  Add Sales Quotation/div_Select Customer' is clicked on

2020-11-02 16:44:12 - [MESSAGE][PASSED] - Object: 'Object Repository/Sales/Sales Quotation/Page_Zahir Online  Add Sales Quotation/div_Select Customer' is clicked on

2020-11-02 16:44:12 - [TEST_STEP][FAILED] - click(findTestObject("Sales/Sales Order/Page_Zahir Online  Add Sales Order/div_General Customer")): Unable to click on object 'Object Repository/Sales/Sales Order/Page_Zahir Online  Add Sales Order/div_General Customer' (Root cause: com.kms.katalon.core.exception.StepFailedException: Unable to click on object 'Object Repository/Sales/Sales Order/Page_Zahir Online  Add Sales Order/div_General Customer'
	at com.kms.katalon.core.webui.keyword.internal.WebUIKeywordMain.stepFailed(WebUIKeywordMain.groovy:64)
	at com.kms.katalon.core.webui.keyword.internal.WebUIKeywordMain.runKeyword(WebUIKeywordMain.groovy:26)
	at com.kms.katalon.core.webui.keyword.builtin.ClickKeyword.click(ClickKeyword.groovy:76)
	at com.kms.katalon.core.webui.keyword.builtin.ClickKeyword.execute(ClickKeyword.groovy:43)
	at com.kms.katalon.core.keyword.internal.KeywordExecutor.executeKeywordForPlatform(KeywordExecutor.groovy:73)
	at com.kms.katalon.core.webui.keyword.WebUiBuiltInKeywords.click(WebUiBuiltInKeywords.groovy:616)
	at com.kms.katalon.core.webui.keyword.WebUiBuiltInKeywords$click$3.call(Unknown Source)
	at Sales Quotation.run(Sales Quotation:43)
	at com.kms.katalon.core.main.ScriptEngine.run(ScriptEngine.java:194)
	at com.kms.katalon.core.main.ScriptEngine.runScriptAsRawText(ScriptEngine.java:119)
	at com.kms.katalon.core.main.TestCaseExecutor.runScript(TestCaseExecutor.java:339)
	at com.kms.katalon.core.main.TestCaseExecutor.doExecute(TestCaseExecutor.java:330)
	at com.kms.katalon.core.main.TestCaseExecutor.processExecutionPhase(TestCaseExecutor.java:309)
	at com.kms.katalon.core.main.TestCaseExecutor.accessMainPhase(TestCaseExecutor.java:301)
	at com.kms.katalon.core.main.TestCaseExecutor.execute(TestCaseExecutor.java:235)
	at com.kms.katalon.core.main.TestSuiteExecutor.accessTestCaseMainPhase(TestSuiteExecutor.java:191)
	at com.kms.katalon.core.main.TestSuiteExecutor.accessTestSuiteMainPhase(TestSuiteExecutor.java:141)
	at com.kms.katalon.core.main.TestSuiteExecutor.execute(TestSuiteExecutor.java:90)
	at com.kms.katalon.core.main.TestCaseMain.startTestSuite(TestCaseMain.java:157)
	at com.kms.katalon.core.main.TestCaseMain$startTestSuite$0.call(Unknown Source)
	at TempTestSuite1604310203434.run(TempTestSuite1604310203434.groovy:39)
Caused by: com.kms.katalon.core.webui.exception.WebElementNotFoundException: Web element with id: 'Object Repository/Sales/Sales Order/Page_Zahir Online  Add Sales Order/div_General Customer' located by '#react-select-2-option-2 > li.MuiListItem-root.jss7883 > div > div > div.MuiTypography-root.undefined.MuiTypography-body2.MuiTypography-colorTextPrimary' not found
	at com.kms.katalon.core.webui.common.WebUiCommonHelper.findWebElement(WebUiCommonHelper.java:1368)
	at com.kms.katalon.core.webui.keyword.internal.WebUIAbstractKeyword.findWebElement(WebUIAbstractKeyword.groovy:27)
	at com.kms.katalon.core.webui.keyword.internal.WebUIAbstractKeyword.findWebElement(WebUIAbstractKeyword.groovy:26)
	at com.kms.katalon.core.webui.keyword.builtin.ClickKeyword$_click_closure1.doCall(ClickKeyword.groovy:67)
	at com.kms.katalon.core.webui.keyword.builtin.ClickKeyword$_click_closure1.call(ClickKeyword.groovy)
	at com.kms.katalon.core.webui.keyword.internal.WebUIKeywordMain.runKeyword(WebUIKeywordMain.groovy:20)
	at com.kms.katalon.core.webui.keyword.builtin.ClickKeyword.click(ClickKeyword.groovy:76)
	at com.kms.katalon.core.webui.keyword.builtin.ClickKeyword.execute(ClickKeyword.groovy:43)
	at com.kms.katalon.core.keyword.internal.KeywordExecutor.executeKeywordForPlatform(KeywordExecutor.groovy:73)
	at com.kms.katalon.core.webui.keyword.WebUiBuiltInKeywords.click(WebUiBuiltInKeywords.groovy:616)
	at com.kms.katalon.core.webui.keyword.WebUiBuiltInKeywords$click$3.call(Unknown Source)
	at Script1603258226565.run(Script1603258226565.groovy:43)
	... 13 more
)

2020-11-02 16:44:43 - [MESSAGE][INFO] - Unable to find the element located by 'By.cssSelector: #react-select-2-option-2 > li.MuiListItem-root.jss7883 > div > div > div.MuiTypography-root.undefined.MuiTypography-body2.MuiTypography-colorTextPrimary'. Please recheck the objects properties to make sure the desired element is located. 

2020-11-02 16:44:43 - [MESSAGE][FAILED] - Unable to click on object 'Object Repository/Sales/Sales Order/Page_Zahir Online  Add Sales Order/div_General Customer' (Root cause: com.kms.katalon.core.exception.StepFailedException: Unable to click on object 'Object Repository/Sales/Sales Order/Page_Zahir Online  Add Sales Order/div_General Customer'
	at com.kms.katalon.core.webui.keyword.internal.WebUIKeywordMain.stepFailed(WebUIKeywordMain.groovy:64)
	at com.kms.katalon.core.webui.keyword.internal.WebUIKeywordMain.runKeyword(WebUIKeywordMain.groovy:26)
	at com.kms.katalon.core.webui.keyword.builtin.ClickKeyword.click(ClickKeyword.groovy:76)
	at com.kms.katalon.core.webui.keyword.builtin.ClickKeyword.execute(ClickKeyword.groovy:43)
	at com.kms.katalon.core.keyword.internal.KeywordExecutor.executeKeywordForPlatform(KeywordExecutor.groovy:73)
	at com.kms.katalon.core.webui.keyword.WebUiBuiltInKeywords.click(WebUiBuiltInKeywords.groovy:616)
	at com.kms.katalon.core.webui.keyword.WebUiBuiltInKeywords$click$3.call(Unknown Source)
	at Sales Quotation.run(Sales Quotation:43)
	at com.kms.katalon.core.main.ScriptEngine.run(ScriptEngine.java:194)
	at com.kms.katalon.core.main.ScriptEngine.runScriptAsRawText(ScriptEngine.java:119)
	at com.kms.katalon.core.main.TestCaseExecutor.runScript(TestCaseExecutor.java:339)
	at com.kms.katalon.core.main.TestCaseExecutor.doExecute(TestCaseExecutor.java:330)
	at com.kms.katalon.core.main.TestCaseExecutor.processExecutionPhase(TestCaseExecutor.java:309)
	at com.kms.katalon.core.main.TestCaseExecutor.accessMainPhase(TestCaseExecutor.java:301)
	at com.kms.katalon.core.main.TestCaseExecutor.execute(TestCaseExecutor.java:235)
	at com.kms.katalon.core.main.TestSuiteExecutor.accessTestCaseMainPhase(TestSuiteExecutor.java:191)
	at com.kms.katalon.core.main.TestSuiteExecutor.accessTestSuiteMainPhase(TestSuiteExecutor.java:141)
	at com.kms.katalon.core.main.TestSuiteExecutor.execute(TestSuiteExecutor.java:90)
	at com.kms.katalon.core.main.TestCaseMain.startTestSuite(TestCaseMain.java:157)
	at com.kms.katalon.core.main.TestCaseMain$startTestSuite$0.call(Unknown Source)
	at TempTestSuite1604310203434.run(TempTestSuite1604310203434.groovy:39)
Caused by: com.kms.katalon.core.webui.exception.WebElementNotFoundException: Web element with id: 'Object Repository/Sales/Sales Order/Page_Zahir Online  Add Sales Order/div_General Customer' located by '#react-select-2-option-2 > li.MuiListItem-root.jss7883 > div > div > div.MuiTypography-root.undefined.MuiTypography-body2.MuiTypography-colorTextPrimary' not found
	at com.kms.katalon.core.webui.common.WebUiCommonHelper.findWebElement(WebUiCommonHelper.java:1368)
	at com.kms.katalon.core.webui.keyword.internal.WebUIAbstractKeyword.findWebElement(WebUIAbstractKeyword.groovy:27)
	at com.kms.katalon.core.webui.keyword.internal.WebUIAbstractKeyword.findWebElement(WebUIAbstractKeyword.groovy:26)
	at com.kms.katalon.core.webui.keyword.builtin.ClickKeyword$_click_closure1.doCall(ClickKeyword.groovy:67)
	at com.kms.katalon.core.webui.keyword.builtin.ClickKeyword$_click_closure1.call(ClickKeyword.groovy)
	at com.kms.katalon.core.webui.keyword.internal.WebUIKeywordMain.runKeyword(WebUIKeywordMain.groovy:20)
	at com.kms.katalon.core.webui.keyword.builtin.ClickKeyword.click(ClickKeyword.groovy:76)
	at com.kms.katalon.core.webui.keyword.builtin.ClickKeyword.execute(ClickKeyword.groovy:43)
	at com.kms.katalon.core.keyword.internal.KeywordExecutor.executeKeywordForPlatform(KeywordExecutor.groovy:73)
	at com.kms.katalon.core.webui.keyword.WebUiBuiltInKeywords.click(WebUiBuiltInKeywords.groovy:616)
	at com.kms.katalon.core.webui.keyword.WebUiBuiltInKeywords$click$3.call(Unknown Source)
	at Script1603258226565.run(Script1603258226565.groovy:43)
	... 13 more
)
[[ATTACHMENT|D:\\autotesting_zoweb\\Reports\\20201102_164323\\Sales\\Sales Quotation\\TestSuiteCreateSalesQuotation\\20201102_164323\\1604310283317.png]]]]></system-out>
         <system-err><![CDATA[2020-11-02 16:43:31 - [TEST_CASE][FAILED] - Test Cases/Sales/Sales Quotation: Test Cases/Sales/Sales Quotation FAILED.
Reason:
com.kms.katalon.core.exception.StepFailedException: Unable to click on object 'Object Repository/Sales/Sales Order/Page_Zahir Online  Add Sales Order/div_General Customer'
	at com.kms.katalon.core.webui.keyword.internal.WebUIKeywordMain.stepFailed(WebUIKeywordMain.groovy:64)
	at com.kms.katalon.core.webui.keyword.internal.WebUIKeywordMain.runKeyword(WebUIKeywordMain.groovy:26)
	at com.kms.katalon.core.webui.keyword.builtin.ClickKeyword.click(ClickKeyword.groovy:76)
	at com.kms.katalon.core.webui.keyword.builtin.ClickKeyword.execute(ClickKeyword.groovy:43)
	at com.kms.katalon.core.keyword.internal.KeywordExecutor.executeKeywordForPlatform(KeywordExecutor.groovy:73)
	at com.kms.katalon.core.webui.keyword.WebUiBuiltInKeywords.click(WebUiBuiltInKeywords.groovy:616)
	at com.kms.katalon.core.webui.keyword.WebUiBuiltInKeywords$click$3.call(Unknown Source)
	at Sales Quotation.run(Sales Quotation:43)
	at com.kms.katalon.core.main.ScriptEngine.run(ScriptEngine.java:194)
	at com.kms.katalon.core.main.ScriptEngine.runScriptAsRawText(ScriptEngine.java:119)
	at com.kms.katalon.core.main.TestCaseExecutor.runScript(TestCaseExecutor.java:339)
	at com.kms.katalon.core.main.TestCaseExecutor.doExecute(TestCaseExecutor.java:330)
	at com.kms.katalon.core.main.TestCaseExecutor.processExecutionPhase(TestCaseExecutor.java:309)
	at com.kms.katalon.core.main.TestCaseExecutor.accessMainPhase(TestCaseExecutor.java:301)
	at com.kms.katalon.core.main.TestCaseExecutor.execute(TestCaseExecutor.java:235)
	at com.kms.katalon.core.main.TestSuiteExecutor.accessTestCaseMainPhase(TestSuiteExecutor.java:191)
	at com.kms.katalon.core.main.TestSuiteExecutor.accessTestSuiteMainPhase(TestSuiteExecutor.java:141)
	at com.kms.katalon.core.main.TestSuiteExecutor.execute(TestSuiteExecutor.java:90)
	at com.kms.katalon.core.main.TestCaseMain.startTestSuite(TestCaseMain.java:157)
	at com.kms.katalon.core.main.TestCaseMain$startTestSuite$0.call(Unknown Source)
	at TempTestSuite1604310203434.run(TempTestSuite1604310203434.groovy:39)
Caused by: com.kms.katalon.core.webui.exception.WebElementNotFoundException: Web element with id: 'Object Repository/Sales/Sales Order/Page_Zahir Online  Add Sales Order/div_General Customer' located by '#react-select-2-option-2 > li.MuiListItem-root.jss7883 > div > div > div.MuiTypography-root.undefined.MuiTypography-body2.MuiTypography-colorTextPrimary' not found
	at com.kms.katalon.core.webui.common.WebUiCommonHelper.findWebElement(WebUiCommonHelper.java:1368)
	at com.kms.katalon.core.webui.keyword.internal.WebUIAbstractKeyword.findWebElement(WebUIAbstractKeyword.groovy:27)
	at com.kms.katalon.core.webui.keyword.internal.WebUIAbstractKeyword.findWebElement(WebUIAbstractKeyword.groovy:26)
	at com.kms.katalon.core.webui.keyword.builtin.ClickKeyword$_click_closure1.doCall(ClickKeyword.groovy:67)
	at com.kms.katalon.core.webui.keyword.builtin.ClickKeyword$_click_closure1.call(ClickKeyword.groovy)
	at com.kms.katalon.core.webui.keyword.internal.WebUIKeywordMain.runKeyword(WebUIKeywordMain.groovy:20)
	... 19 more]]></system-err>
      </testcase>
      <system-out><![CDATA[2020-11-02 16:43:31 - [TEST_SUITE][FAILED] - TestSuiteCreateSalesQuotation: Test Cases/Sales/Sales Quotation FAILED.
Reason:
com.kms.katalon.core.exception.StepFailedException: Unable to click on object 'Object Repository/Sales/Sales Order/Page_Zahir Online  Add Sales Order/div_General Customer'
	at com.kms.katalon.core.webui.keyword.internal.WebUIKeywordMain.stepFailed(WebUIKeywordMain.groovy:64)
	at com.kms.katalon.core.webui.keyword.internal.WebUIKeywordMain.runKeyword(WebUIKeywordMain.groovy:26)
	at com.kms.katalon.core.webui.keyword.builtin.ClickKeyword.click(ClickKeyword.groovy:76)
	at com.kms.katalon.core.webui.keyword.builtin.ClickKeyword.execute(ClickKeyword.groovy:43)
	at com.kms.katalon.core.keyword.internal.KeywordExecutor.executeKeywordForPlatform(KeywordExecutor.groovy:73)
	at com.kms.katalon.core.webui.keyword.WebUiBuiltInKeywords.click(WebUiBuiltInKeywords.groovy:616)
	at com.kms.katalon.core.webui.keyword.WebUiBuiltInKeywords$click$3.call(Unknown Source)
	at Sales Quotation.run(Sales Quotation:43)
	at com.kms.katalon.core.main.ScriptEngine.run(ScriptEngine.java:194)
	at com.kms.katalon.core.main.ScriptEngine.runScriptAsRawText(ScriptEngine.java:119)
	at com.kms.katalon.core.main.TestCaseExecutor.runScript(TestCaseExecutor.java:339)
	at com.kms.katalon.core.main.TestCaseExecutor.doExecute(TestCaseExecutor.java:330)
	at com.kms.katalon.core.main.TestCaseExecutor.processExecutionPhase(TestCaseExecutor.java:309)
	at com.kms.katalon.core.main.TestCaseExecutor.accessMainPhase(TestCaseExecutor.java:301)
	at com.kms.katalon.core.main.TestCaseExecutor.execute(TestCaseExecutor.java:235)
	at com.kms.katalon.core.main.TestSuiteExecutor.accessTestCaseMainPhase(TestSuiteExecutor.java:191)
	at com.kms.katalon.core.main.TestSuiteExecutor.accessTestSuiteMainPhase(TestSuiteExecutor.java:141)
	at com.kms.katalon.core.main.TestSuiteExecutor.execute(TestSuiteExecutor.java:90)
	at com.kms.katalon.core.main.TestCaseMain.startTestSuite(TestCaseMain.java:157)
	at com.kms.katalon.core.main.TestCaseMain$startTestSuite$0.call(Unknown Source)
	at TempTestSuite1604310203434.run(TempTestSuite1604310203434.groovy:39)
Caused by: com.kms.katalon.core.webui.exception.WebElementNotFoundException: Web element with id: 'Object Repository/Sales/Sales Order/Page_Zahir Online  Add Sales Order/div_General Customer' located by '#react-select-2-option-2 > li.MuiListItem-root.jss7883 > div > div > div.MuiTypography-root.undefined.MuiTypography-body2.MuiTypography-colorTextPrimary' not found
	at com.kms.katalon.core.webui.common.WebUiCommonHelper.findWebElement(WebUiCommonHelper.java:1368)
	at com.kms.katalon.core.webui.keyword.internal.WebUIAbstractKeyword.findWebElement(WebUIAbstractKeyword.groovy:27)
	at com.kms.katalon.core.webui.keyword.internal.WebUIAbstractKeyword.findWebElement(WebUIAbstractKeyword.groovy:26)
	at com.kms.katalon.core.webui.keyword.builtin.ClickKeyword$_click_closure1.doCall(ClickKeyword.groovy:67)
	at com.kms.katalon.core.webui.keyword.builtin.ClickKeyword$_click_closure1.call(ClickKeyword.groovy)
	at com.kms.katalon.core.webui.keyword.internal.WebUIKeywordMain.runKeyword(WebUIKeywordMain.groovy:20)
	... 19 more]]></system-out>
      <system-err><![CDATA[2020-11-02 16:43:31 - [TEST_SUITE][FAILED] - TestSuiteCreateSalesQuotation: Test Cases/Sales/Sales Quotation FAILED.
Reason:
com.kms.katalon.core.exception.StepFailedException: Unable to click on object 'Object Repository/Sales/Sales Order/Page_Zahir Online  Add Sales Order/div_General Customer'
	at com.kms.katalon.core.webui.keyword.internal.WebUIKeywordMain.stepFailed(WebUIKeywordMain.groovy:64)
	at com.kms.katalon.core.webui.keyword.internal.WebUIKeywordMain.runKeyword(WebUIKeywordMain.groovy:26)
	at com.kms.katalon.core.webui.keyword.builtin.ClickKeyword.click(ClickKeyword.groovy:76)
	at com.kms.katalon.core.webui.keyword.builtin.ClickKeyword.execute(ClickKeyword.groovy:43)
	at com.kms.katalon.core.keyword.internal.KeywordExecutor.executeKeywordForPlatform(KeywordExecutor.groovy:73)
	at com.kms.katalon.core.webui.keyword.WebUiBuiltInKeywords.click(WebUiBuiltInKeywords.groovy:616)
	at com.kms.katalon.core.webui.keyword.WebUiBuiltInKeywords$click$3.call(Unknown Source)
	at Sales Quotation.run(Sales Quotation:43)
	at com.kms.katalon.core.main.ScriptEngine.run(ScriptEngine.java:194)
	at com.kms.katalon.core.main.ScriptEngine.runScriptAsRawText(ScriptEngine.java:119)
	at com.kms.katalon.core.main.TestCaseExecutor.runScript(TestCaseExecutor.java:339)
	at com.kms.katalon.core.main.TestCaseExecutor.doExecute(TestCaseExecutor.java:330)
	at com.kms.katalon.core.main.TestCaseExecutor.processExecutionPhase(TestCaseExecutor.java:309)
	at com.kms.katalon.core.main.TestCaseExecutor.accessMainPhase(TestCaseExecutor.java:301)
	at com.kms.katalon.core.main.TestCaseExecutor.execute(TestCaseExecutor.java:235)
	at com.kms.katalon.core.main.TestSuiteExecutor.accessTestCaseMainPhase(TestSuiteExecutor.java:191)
	at com.kms.katalon.core.main.TestSuiteExecutor.accessTestSuiteMainPhase(TestSuiteExecutor.java:141)
	at com.kms.katalon.core.main.TestSuiteExecutor.execute(TestSuiteExecutor.java:90)
	at com.kms.katalon.core.main.TestCaseMain.startTestSuite(TestCaseMain.java:157)
	at com.kms.katalon.core.main.TestCaseMain$startTestSuite$0.call(Unknown Source)
	at TempTestSuite1604310203434.run(TempTestSuite1604310203434.groovy:39)
Caused by: com.kms.katalon.core.webui.exception.WebElementNotFoundException: Web element with id: 'Object Repository/Sales/Sales Order/Page_Zahir Online  Add Sales Order/div_General Customer' located by '#react-select-2-option-2 > li.MuiListItem-root.jss7883 > div > div > div.MuiTypography-root.undefined.MuiTypography-body2.MuiTypography-colorTextPrimary' not found
	at com.kms.katalon.core.webui.common.WebUiCommonHelper.findWebElement(WebUiCommonHelper.java:1368)
	at com.kms.katalon.core.webui.keyword.internal.WebUIAbstractKeyword.findWebElement(WebUIAbstractKeyword.groovy:27)
	at com.kms.katalon.core.webui.keyword.internal.WebUIAbstractKeyword.findWebElement(WebUIAbstractKeyword.groovy:26)
	at com.kms.katalon.core.webui.keyword.builtin.ClickKeyword$_click_closure1.doCall(ClickKeyword.groovy:67)
	at com.kms.katalon.core.webui.keyword.builtin.ClickKeyword$_click_closure1.call(ClickKeyword.groovy)
	at com.kms.katalon.core.webui.keyword.internal.WebUIKeywordMain.runKeyword(WebUIKeywordMain.groovy:20)
	... 19 more]]></system-err>
   </testsuite>
</testsuites>
